  winspool.cpp
D:\asus\桌面\PROJECT\逆向\04编写第一个内存破解补丁\winspool\winspool\winspool.cpp(345,1): error C2485: “naked”: 无法识别的扩展特性
D:\asus\桌面\PROJECT\逆向\04编写第一个内存破解补丁\winspool\winspool\winspool.cpp(348,2): error C4235: 使用了非标准扩展: 不支持在此结构上使用“__asm”关键字
D:\asus\桌面\PROJECT\逆向\04编写第一个内存破解补丁\winspool\winspool\winspool.cpp(348,8): error C2065: “POP”: 未声明的标识符
D:\asus\桌面\PROJECT\逆向\04编写第一个内存破解补丁\winspool\winspool\winspool.cpp(348,12): error C2146: 语法错误: 缺少“;”(在标识符“m_dwReturn”的前面)
D:\asus\桌面\PROJECT\逆向\04编写第一个内存破解补丁\winspool\winspool\winspool.cpp(348,27): error C2065: “TYPE”: 未声明的标识符
D:\asus\桌面\PROJECT\逆向\04编写第一个内存破解补丁\winspool\winspool\winspool.cpp(348,32): error C2062: 意外的类型“long”
D:\asus\桌面\PROJECT\逆向\04编写第一个内存破解补丁\winspool\winspool\winspool.cpp(354,2): error C4235: 使用了非标准扩展: 不支持在此结构上使用“__asm”关键字
D:\asus\桌面\PROJECT\逆向\04编写第一个内存破解补丁\winspool\winspool\winspool.cpp(354,8): error C2065: “JMP”: 未声明的标识符
D:\asus\桌面\PROJECT\逆向\04编写第一个内存破解补丁\winspool\winspool\winspool.cpp(354,12): error C2146: 语法错误: 缺少“;”(在标识符“m_dwReturn”的前面)
D:\asus\桌面\PROJECT\逆向\04编写第一个内存破解补丁\winspool\winspool\winspool.cpp(354,27): error C2065: “TYPE”: 未声明的标识符
D:\asus\桌面\PROJECT\逆向\04编写第一个内存破解补丁\winspool\winspool\winspool.cpp(354,32): error C2062: 意外的类型“long”
D:\asus\桌面\PROJECT\逆向\04编写第一个内存破解补丁\winspool\winspool\winspool.cpp(362,1): error C2485: “naked”: 无法识别的扩展特性
D:\asus\桌面\PROJECT\逆向\04编写第一个内存破解补丁\winspool\winspool\winspool.cpp(365,2): error C4235: 使用了非标准扩展: 不支持在此结构上使用“__asm”关键字
D:\asus\桌面\PROJECT\逆向\04编写第一个内存破解补丁\winspool\winspool\winspool.cpp(365,8): error C2065: “POP”: 未声明的标识符
D:\asus\桌面\PROJECT\逆向\04编写第一个内存破解补丁\winspool\winspool\winspool.cpp(365,12): error C2146: 语法错误: 缺少“;”(在标识符“m_dwReturn”的前面)
D:\asus\桌面\PROJECT\逆向\04编写第一个内存破解补丁\winspool\winspool\winspool.cpp(365,27): error C2065: “TYPE”: 未声明的标识符
D:\asus\桌面\PROJECT\逆向\04编写第一个内存破解补丁\winspool\winspool\winspool.cpp(365,32): error C2062: 意外的类型“long”
D:\asus\桌面\PROJECT\逆向\04编写第一个内存破解补丁\winspool\winspool\winspool.cpp(371,2): error C4235: 使用了非标准扩展: 不支持在此结构上使用“__asm”关键字
D:\asus\桌面\PROJECT\逆向\04编写第一个内存破解补丁\winspool\winspool\winspool.cpp(371,8): error C2065: “JMP”: 未声明的标识符
D:\asus\桌面\PROJECT\逆向\04编写第一个内存破解补丁\winspool\winspool\winspool.cpp(371,12): error C2146: 语法错误: 缺少“;”(在标识符“m_dwReturn”的前面)
D:\asus\桌面\PROJECT\逆向\04编写第一个内存破解补丁\winspool\winspool\winspool.cpp(371,27): error C2065: “TYPE”: 未声明的标识符
D:\asus\桌面\PROJECT\逆向\04编写第一个内存破解补丁\winspool\winspool\winspool.cpp(371,32): error C2062: 意外的类型“long”
D:\asus\桌面\PROJECT\逆向\04编写第一个内存破解补丁\winspool\winspool\winspool.cpp(379,1): error C2485: “naked”: 无法识别的扩展特性
D:\asus\桌面\PROJECT\逆向\04编写第一个内存破解补丁\winspool\winspool\winspool.cpp(382,2): error C4235: 使用了非标准扩展: 不支持在此结构上使用“__asm”关键字
D:\asus\桌面\PROJECT\逆向\04编写第一个内存破解补丁\winspool\winspool\winspool.cpp(382,8): error C2065: “POP”: 未声明的标识符
D:\asus\桌面\PROJECT\逆向\04编写第一个内存破解补丁\winspool\winspool\winspool.cpp(382,12): error C2146: 语法错误: 缺少“;”(在标识符“m_dwReturn”的前面)
D:\asus\桌面\PROJECT\逆向\04编写第一个内存破解补丁\winspool\winspool\winspool.cpp(382,27): error C2065: “TYPE”: 未声明的标识符
D:\asus\桌面\PROJECT\逆向\04编写第一个内存破解补丁\winspool\winspool\winspool.cpp(382,32): error C2062: 意外的类型“long”
D:\asus\桌面\PROJECT\逆向\04编写第一个内存破解补丁\winspool\winspool\winspool.cpp(388,2): error C4235: 使用了非标准扩展: 不支持在此结构上使用“__asm”关键字
D:\asus\桌面\PROJECT\逆向\04编写第一个内存破解补丁\winspool\winspool\winspool.cpp(388,8): error C2065: “JMP”: 未声明的标识符
D:\asus\桌面\PROJECT\逆向\04编写第一个内存破解补丁\winspool\winspool\winspool.cpp(388,12): error C2146: 语法错误: 缺少“;”(在标识符“m_dwReturn”的前面)
D:\asus\桌面\PROJECT\逆向\04编写第一个内存破解补丁\winspool\winspool\winspool.cpp(388,27): error C2065: “TYPE”: 未声明的标识符
D:\asus\桌面\PROJECT\逆向\04编写第一个内存破解补丁\winspool\winspool\winspool.cpp(388,32): error C2062: 意外的类型“long”
D:\asus\桌面\PROJECT\逆向\04编写第一个内存破解补丁\winspool\winspool\winspool.cpp(396,1): error C2485: “naked”: 无法识别的扩展特性
D:\asus\桌面\PROJECT\逆向\04编写第一个内存破解补丁\winspool\winspool\winspool.cpp(399,2): error C4235: 使用了非标准扩展: 不支持在此结构上使用“__asm”关键字
D:\asus\桌面\PROJECT\逆向\04编写第一个内存破解补丁\winspool\winspool\winspool.cpp(399,8): error C2065: “POP”: 未声明的标识符
D:\asus\桌面\PROJECT\逆向\04编写第一个内存破解补丁\winspool\winspool\winspool.cpp(399,12): error C2146: 语法错误: 缺少“;”(在标识符“m_dwReturn”的前面)
D:\asus\桌面\PROJECT\逆向\04编写第一个内存破解补丁\winspool\winspool\winspool.cpp(399,27): error C2065: “TYPE”: 未声明的标识符
D:\asus\桌面\PROJECT\逆向\04编写第一个内存破解补丁\winspool\winspool\winspool.cpp(399,32): error C2062: 意外的类型“long”
D:\asus\桌面\PROJECT\逆向\04编写第一个内存破解补丁\winspool\winspool\winspool.cpp(405,2): error C4235: 使用了非标准扩展: 不支持在此结构上使用“__asm”关键字
D:\asus\桌面\PROJECT\逆向\04编写第一个内存破解补丁\winspool\winspool\winspool.cpp(405,8): error C2065: “JMP”: 未声明的标识符
D:\asus\桌面\PROJECT\逆向\04编写第一个内存破解补丁\winspool\winspool\winspool.cpp(405,12): error C2146: 语法错误: 缺少“;”(在标识符“m_dwReturn”的前面)
D:\asus\桌面\PROJECT\逆向\04编写第一个内存破解补丁\winspool\winspool\winspool.cpp(405,27): error C2065: “TYPE”: 未声明的标识符
D:\asus\桌面\PROJECT\逆向\04编写第一个内存破解补丁\winspool\winspool\winspool.cpp(405,32): error C2062: 意外的类型“long”
D:\asus\桌面\PROJECT\逆向\04编写第一个内存破解补丁\winspool\winspool\winspool.cpp(413,1): error C2485: “naked”: 无法识别的扩展特性
D:\asus\桌面\PROJECT\逆向\04编写第一个内存破解补丁\winspool\winspool\winspool.cpp(416,2): error C4235: 使用了非标准扩展: 不支持在此结构上使用“__asm”关键字
D:\asus\桌面\PROJECT\逆向\04编写第一个内存破解补丁\winspool\winspool\winspool.cpp(416,8): error C2065: “POP”: 未声明的标识符
D:\asus\桌面\PROJECT\逆向\04编写第一个内存破解补丁\winspool\winspool\winspool.cpp(416,12): error C2146: 语法错误: 缺少“;”(在标识符“m_dwReturn”的前面)
D:\asus\桌面\PROJECT\逆向\04编写第一个内存破解补丁\winspool\winspool\winspool.cpp(416,27): error C2065: “TYPE”: 未声明的标识符
D:\asus\桌面\PROJECT\逆向\04编写第一个内存破解补丁\winspool\winspool\winspool.cpp(416,32): error C2062: 意外的类型“long”
D:\asus\桌面\PROJECT\逆向\04编写第一个内存破解补丁\winspool\winspool\winspool.cpp(422,2): error C4235: 使用了非标准扩展: 不支持在此结构上使用“__asm”关键字
D:\asus\桌面\PROJECT\逆向\04编写第一个内存破解补丁\winspool\winspool\winspool.cpp(422,8): error C2065: “JMP”: 未声明的标识符
D:\asus\桌面\PROJECT\逆向\04编写第一个内存破解补丁\winspool\winspool\winspool.cpp(422,12): error C2146: 语法错误: 缺少“;”(在标识符“m_dwReturn”的前面)
D:\asus\桌面\PROJECT\逆向\04编写第一个内存破解补丁\winspool\winspool\winspool.cpp(422,27): error C2065: “TYPE”: 未声明的标识符
D:\asus\桌面\PROJECT\逆向\04编写第一个内存破解补丁\winspool\winspool\winspool.cpp(422,32): error C2062: 意外的类型“long”
D:\asus\桌面\PROJECT\逆向\04编写第一个内存破解补丁\winspool\winspool\winspool.cpp(430,1): error C2485: “naked”: 无法识别的扩展特性
D:\asus\桌面\PROJECT\逆向\04编写第一个内存破解补丁\winspool\winspool\winspool.cpp(433,2): error C4235: 使用了非标准扩展: 不支持在此结构上使用“__asm”关键字
D:\asus\桌面\PROJECT\逆向\04编写第一个内存破解补丁\winspool\winspool\winspool.cpp(433,8): error C2065: “POP”: 未声明的标识符
D:\asus\桌面\PROJECT\逆向\04编写第一个内存破解补丁\winspool\winspool\winspool.cpp(433,12): error C2146: 语法错误: 缺少“;”(在标识符“m_dwReturn”的前面)
D:\asus\桌面\PROJECT\逆向\04编写第一个内存破解补丁\winspool\winspool\winspool.cpp(433,27): error C2065: “TYPE”: 未声明的标识符
D:\asus\桌面\PROJECT\逆向\04编写第一个内存破解补丁\winspool\winspool\winspool.cpp(433,32): error C2062: 意外的类型“long”
D:\asus\桌面\PROJECT\逆向\04编写第一个内存破解补丁\winspool\winspool\winspool.cpp(439,2): error C4235: 使用了非标准扩展: 不支持在此结构上使用“__asm”关键字
D:\asus\桌面\PROJECT\逆向\04编写第一个内存破解补丁\winspool\winspool\winspool.cpp(439,8): error C2065: “JMP”: 未声明的标识符
D:\asus\桌面\PROJECT\逆向\04编写第一个内存破解补丁\winspool\winspool\winspool.cpp(439,12): error C2146: 语法错误: 缺少“;”(在标识符“m_dwReturn”的前面)
D:\asus\桌面\PROJECT\逆向\04编写第一个内存破解补丁\winspool\winspool\winspool.cpp(439,27): error C2065: “TYPE”: 未声明的标识符
D:\asus\桌面\PROJECT\逆向\04编写第一个内存破解补丁\winspool\winspool\winspool.cpp(439,32): error C2062: 意外的类型“long”
D:\asus\桌面\PROJECT\逆向\04编写第一个内存破解补丁\winspool\winspool\winspool.cpp(447,1): error C2485: “naked”: 无法识别的扩展特性
D:\asus\桌面\PROJECT\逆向\04编写第一个内存破解补丁\winspool\winspool\winspool.cpp(450,2): error C4235: 使用了非标准扩展: 不支持在此结构上使用“__asm”关键字
D:\asus\桌面\PROJECT\逆向\04编写第一个内存破解补丁\winspool\winspool\winspool.cpp(450,8): error C2065: “POP”: 未声明的标识符
D:\asus\桌面\PROJECT\逆向\04编写第一个内存破解补丁\winspool\winspool\winspool.cpp(450,12): error C2146: 语法错误: 缺少“;”(在标识符“m_dwReturn”的前面)
D:\asus\桌面\PROJECT\逆向\04编写第一个内存破解补丁\winspool\winspool\winspool.cpp(450,27): error C2065: “TYPE”: 未声明的标识符
D:\asus\桌面\PROJECT\逆向\04编写第一个内存破解补丁\winspool\winspool\winspool.cpp(450,32): error C2062: 意外的类型“long”
D:\asus\桌面\PROJECT\逆向\04编写第一个内存破解补丁\winspool\winspool\winspool.cpp(456,2): error C4235: 使用了非标准扩展: 不支持在此结构上使用“__asm”关键字
D:\asus\桌面\PROJECT\逆向\04编写第一个内存破解补丁\winspool\winspool\winspool.cpp(456,8): error C2065: “JMP”: 未声明的标识符
D:\asus\桌面\PROJECT\逆向\04编写第一个内存破解补丁\winspool\winspool\winspool.cpp(456,12): error C2146: 语法错误: 缺少“;”(在标识符“m_dwReturn”的前面)
D:\asus\桌面\PROJECT\逆向\04编写第一个内存破解补丁\winspool\winspool\winspool.cpp(456,27): error C2065: “TYPE”: 未声明的标识符
D:\asus\桌面\PROJECT\逆向\04编写第一个内存破解补丁\winspool\winspool\winspool.cpp(456,32): error C2062: 意外的类型“long”
D:\asus\桌面\PROJECT\逆向\04编写第一个内存破解补丁\winspool\winspool\winspool.cpp(464,1): error C2485: “naked”: 无法识别的扩展特性
D:\asus\桌面\PROJECT\逆向\04编写第一个内存破解补丁\winspool\winspool\winspool.cpp(467,2): error C4235: 使用了非标准扩展: 不支持在此结构上使用“__asm”关键字
D:\asus\桌面\PROJECT\逆向\04编写第一个内存破解补丁\winspool\winspool\winspool.cpp(467,8): error C2065: “POP”: 未声明的标识符
D:\asus\桌面\PROJECT\逆向\04编写第一个内存破解补丁\winspool\winspool\winspool.cpp(467,12): error C2146: 语法错误: 缺少“;”(在标识符“m_dwReturn”的前面)
D:\asus\桌面\PROJECT\逆向\04编写第一个内存破解补丁\winspool\winspool\winspool.cpp(467,27): error C2065: “TYPE”: 未声明的标识符
D:\asus\桌面\PROJECT\逆向\04编写第一个内存破解补丁\winspool\winspool\winspool.cpp(467,32): error C2062: 意外的类型“long”
D:\asus\桌面\PROJECT\逆向\04编写第一个内存破解补丁\winspool\winspool\winspool.cpp(473,2): error C4235: 使用了非标准扩展: 不支持在此结构上使用“__asm”关键字
D:\asus\桌面\PROJECT\逆向\04编写第一个内存破解补丁\winspool\winspool\winspool.cpp(473,8): error C2065: “JMP”: 未声明的标识符
D:\asus\桌面\PROJECT\逆向\04编写第一个内存破解补丁\winspool\winspool\winspool.cpp(473,12): error C2146: 语法错误: 缺少“;”(在标识符“m_dwReturn”的前面)
D:\asus\桌面\PROJECT\逆向\04编写第一个内存破解补丁\winspool\winspool\winspool.cpp(473,27): error C2065: “TYPE”: 未声明的标识符
D:\asus\桌面\PROJECT\逆向\04编写第一个内存破解补丁\winspool\winspool\winspool.cpp(473,32): error C2062: 意外的类型“long”
D:\asus\桌面\PROJECT\逆向\04编写第一个内存破解补丁\winspool\winspool\winspool.cpp(481,1): error C2485: “naked”: 无法识别的扩展特性
D:\asus\桌面\PROJECT\逆向\04编写第一个内存破解补丁\winspool\winspool\winspool.cpp(484,2): error C4235: 使用了非标准扩展: 不支持在此结构上使用“__asm”关键字
D:\asus\桌面\PROJECT\逆向\04编写第一个内存破解补丁\winspool\winspool\winspool.cpp(484,8): error C2065: “POP”: 未声明的标识符
D:\asus\桌面\PROJECT\逆向\04编写第一个内存破解补丁\winspool\winspool\winspool.cpp(484,12): error C2146: 语法错误: 缺少“;”(在标识符“m_dwReturn”的前面)
D:\asus\桌面\PROJECT\逆向\04编写第一个内存破解补丁\winspool\winspool\winspool.cpp(484,27): error C2065: “TYPE”: 未声明的标识符
D:\asus\桌面\PROJECT\逆向\04编写第一个内存破解补丁\winspool\winspool\winspool.cpp(484,32): error C2062: 意外的类型“long”
D:\asus\桌面\PROJECT\逆向\04编写第一个内存破解补丁\winspool\winspool\winspool.cpp(490,2): error C4235: 使用了非标准扩展: 不支持在此结构上使用“__asm”关键字
D:\asus\桌面\PROJECT\逆向\04编写第一个内存破解补丁\winspool\winspool\winspool.cpp(490,8): error C2065: “JMP”: 未声明的标识符
D:\asus\桌面\PROJECT\逆向\04编写第一个内存破解补丁\winspool\winspool\winspool.cpp(490,12): error C2146: 语法错误: 缺少“;”(在标识符“m_dwReturn”的前面)
D:\asus\桌面\PROJECT\逆向\04编写第一个内存破解补丁\winspool\winspool\winspool.cpp(490,27): error C2065: “TYPE”: 未声明的标识符
D:\asus\桌面\PROJECT\逆向\04编写第一个内存破解补丁\winspool\winspool\winspool.cpp(490,32): error C2062: 意外的类型“long”
D:\asus\桌面\PROJECT\逆向\04编写第一个内存破解补丁\winspool\winspool\winspool.cpp(498,1): error C2485: “naked”: 无法识别的扩展特性
D:\asus\桌面\PROJECT\逆向\04编写第一个内存破解补丁\winspool\winspool\winspool.cpp(501,2): error C4235: 使用了非标准扩展: 不支持在此结构上使用“__asm”关键字
D:\asus\桌面\PROJECT\逆向\04编写第一个内存破解补丁\winspool\winspool\winspool.cpp(501,8): error C2065: “POP”: 未声明的标识符
D:\asus\桌面\PROJECT\逆向\04编写第一个内存破解补丁\winspool\winspool\winspool.cpp(501,12): error C2146: 语法错误: 缺少“;”(在标识符“m_dwReturn”的前面)
D:\asus\桌面\PROJECT\逆向\04编写第一个内存破解补丁\winspool\winspool\winspool.cpp(501,27): error C2065: “TYPE”: 未声明的标识符
D:\asus\桌面\PROJECT\逆向\04编写第一个内存破解补丁\winspool\winspool\winspool.cpp(501,32): error C2062: 意外的类型“long”
D:\asus\桌面\PROJECT\逆向\04编写第一个内存破解补丁\winspool\winspool\winspool.cpp(507,2): error C4235: 使用了非标准扩展: 不支持在此结构上使用“__asm”关键字
D:\asus\桌面\PROJECT\逆向\04编写第一个内存破解补丁\winspool\winspool\winspool.cpp(507,8): error C2065: “JMP”: 未声明的标识符
D:\asus\桌面\PROJECT\逆向\04编写第一个内存破解补丁\winspool\winspool\winspool.cpp(507,12): error C2146: 语法错误: 缺少“;”(在标识符“m_dwReturn”的前面)
D:\asus\桌面\PROJECT\逆向\04编写第一个内存破解补丁\winspool\winspool\winspool.cpp(507,27): error C2065: “TYPE”: 未声明的标识符
D:\asus\桌面\PROJECT\逆向\04编写第一个内存破解补丁\winspool\winspool\winspool.cpp(507,32): error C2062: 意外的类型“long”
D:\asus\桌面\PROJECT\逆向\04编写第一个内存破解补丁\winspool\winspool\winspool.cpp(515,1): error C2485: “naked”: 无法识别的扩展特性
D:\asus\桌面\PROJECT\逆向\04编写第一个内存破解补丁\winspool\winspool\winspool.cpp(518,2): error C4235: 使用了非标准扩展: 不支持在此结构上使用“__asm”关键字
D:\asus\桌面\PROJECT\逆向\04编写第一个内存破解补丁\winspool\winspool\winspool.cpp(518,8): error C2065: “POP”: 未声明的标识符
D:\asus\桌面\PROJECT\逆向\04编写第一个内存破解补丁\winspool\winspool\winspool.cpp(518,12): error C2146: 语法错误: 缺少“;”(在标识符“m_dwReturn”的前面)
D:\asus\桌面\PROJECT\逆向\04编写第一个内存破解补丁\winspool\winspool\winspool.cpp(518,28): error C2065: “TYPE”: 未声明的标识符
D:\asus\桌面\PROJECT\逆向\04编写第一个内存破解补丁\winspool\winspool\winspool.cpp(518,33): error C2062: 意外的类型“long”
D:\asus\桌面\PROJECT\逆向\04编写第一个内存破解补丁\winspool\winspool\winspool.cpp(524,2): error C4235: 使用了非标准扩展: 不支持在此结构上使用“__asm”关键字
D:\asus\桌面\PROJECT\逆向\04编写第一个内存破解补丁\winspool\winspool\winspool.cpp(524,8): error C2065: “JMP”: 未声明的标识符
D:\asus\桌面\PROJECT\逆向\04编写第一个内存破解补丁\winspool\winspool\winspool.cpp(524,12): error C2146: 语法错误: 缺少“;”(在标识符“m_dwReturn”的前面)
D:\asus\桌面\PROJECT\逆向\04编写第一个内存破解补丁\winspool\winspool\winspool.cpp(524,28): error C2065: “TYPE”: 未声明的标识符
D:\asus\桌面\PROJECT\逆向\04编写第一个内存破解补丁\winspool\winspool\winspool.cpp(524,33): error C2062: 意外的类型“long”
D:\asus\桌面\PROJECT\逆向\04编写第一个内存破解补丁\winspool\winspool\winspool.cpp(532,1): error C2485: “naked”: 无法识别的扩展特性
D:\asus\桌面\PROJECT\逆向\04编写第一个内存破解补丁\winspool\winspool\winspool.cpp(535,2): error C4235: 使用了非标准扩展: 不支持在此结构上使用“__asm”关键字
D:\asus\桌面\PROJECT\逆向\04编写第一个内存破解补丁\winspool\winspool\winspool.cpp(535,8): error C2065: “POP”: 未声明的标识符
D:\asus\桌面\PROJECT\逆向\04编写第一个内存破解补丁\winspool\winspool\winspool.cpp(535,22): fatal  error C1003: 错误计数超过 100；正在停止编译
